C:\USERS\C0BRA\DROPBOX\PROJECTS\SGE\BIN\SGE.EXE
C:\USERS\C0BRA\DROPBOX\PROJECTS\SGE\BIN\SGE.PDB
C:\USERS\C0BRA\DROPBOX\PROJECTS\SGE\SGE\RELEASE\ANGLE.OBJ
C:\USERS\C0BRA\DROPBOX\PROJECTS\SGE\SGE\RELEASE\CAMERA.OBJ
C:\Users\C0BRA\Dropbox\Projects\SGE\SGE\Release\cl.command.1.tlog
C:\Users\C0BRA\Dropbox\Projects\SGE\SGE\Release\CL.read.1.tlog
C:\Users\C0BRA\Dropbox\Projects\SGE\SGE\Release\CL.write.1.tlog
C:\USERS\C0BRA\DROPBOX\PROJECTS\SGE\SGE\RELEASE\CONFIGOR.OBJ
C:\USERS\C0BRA\DROPBOX\PROJECTS\SGE\SGE\RELEASE\ENGINE.OBJ
C:\USERS\C0BRA\DROPBOX\PROJECTS\SGE\SGE\RELEASE\FILESYSTEM.OBJ
C:\Users\C0BRA\Dropbox\Projects\SGE\SGE\Release\link.command.1.tlog
C:\Users\C0BRA\Dropbox\Projects\SGE\SGE\Release\link.read.1.tlog
C:\Users\C0BRA\Dropbox\Projects\SGE\SGE\Release\link.write.1.tlog
C:\USERS\C0BRA\DROPBOX\PROJECTS\SGE\SGE\RELEASE\MAIN.OBJ
C:\USERS\C0BRA\DROPBOX\PROJECTS\SGE\SGE\RELEASE\MODEL.OBJ
C:\Users\C0BRA\Dropbox\Projects\SGE\SGE\Release\mt.command.1.tlog
C:\Users\C0BRA\Dropbox\Projects\SGE\SGE\Release\mt.read.1.tlog
C:\Users\C0BRA\Dropbox\Projects\SGE\SGE\Release\mt.write.1.tlog
C:\USERS\C0BRA\DROPBOX\PROJECTS\SGE\SGE\RELEASE\OPTIONS.OBJ
C:\USERS\C0BRA\DROPBOX\PROJECTS\SGE\SGE\RELEASE\SGE.EXE.INTERMEDIATE.MANIFEST
C:\USERS\C0BRA\DROPBOX\PROJECTS\SGE\SGE\RELEASE\SHADER.OBJ
C:\USERS\C0BRA\DROPBOX\PROJECTS\SGE\SGE\RELEASE\VC100.PDB
C:\USERS\C0BRA\DROPBOX\PROJECTS\SGE\SGE\RELEASE\VECTOR.OBJ
C:\USERS\C0BRA\DROPBOX\PROJECTS\SGE\SGE\RELEASE\WORLD.OBJ
