C:\USERS\C0BRA\DROPBOX\PROJECTS\SGE\BIN\SGE.EXE
C:\USERS\C0BRA\DROPBOX\PROJECTS\SGE\BIN\SGE.ILK
C:\USERS\C0BRA\DROPBOX\PROJECTS\SGE\BIN\SGE.PDB
C:\USERS\C0BRA\DROPBOX\PROJECTS\SGE\SGE\DEBUG\ANGLE.OBJ
C:\USERS\C0BRA\DROPBOX\PROJECTS\SGE\SGE\DEBUG\CAMERA.OBJ
C:\Users\C0BRA\Dropbox\Projects\SGE\SGE\Debug\cl.command.1.tlog
C:\Users\C0BRA\Dropbox\Projects\SGE\SGE\Debug\CL.read.1.tlog
C:\Users\C0BRA\Dropbox\Projects\SGE\SGE\Debug\CL.write.1.tlog
C:\USERS\C0BRA\DROPBOX\PROJECTS\SGE\SGE\DEBUG\CONFIGOR.OBJ
C:\USERS\C0BRA\DROPBOX\PROJECTS\SGE\SGE\DEBUG\ENGINE.OBJ
C:\USERS\C0BRA\DROPBOX\PROJECTS\SGE\SGE\DEBUG\FILESYSTEM.OBJ
C:\Users\C0BRA\Dropbox\Projects\SGE\SGE\Debug\link.1168.read.1.tlog
C:\Users\C0BRA\Dropbox\Projects\SGE\SGE\Debug\link.1168.write.1.tlog
C:\Users\C0BRA\Dropbox\Projects\SGE\SGE\Debug\link.1168-cvtres.read.1.tlog
C:\Users\C0BRA\Dropbox\Projects\SGE\SGE\Debug\link.1168-cvtres.write.1.tlog
C:\Users\C0BRA\Dropbox\Projects\SGE\SGE\Debug\link.2488.read.1.tlog
C:\Users\C0BRA\Dropbox\Projects\SGE\SGE\Debug\link.2488.write.1.tlog
C:\Users\C0BRA\Dropbox\Projects\SGE\SGE\Debug\link.2488-cvtres.read.1.tlog
C:\Users\C0BRA\Dropbox\Projects\SGE\SGE\Debug\link.2488-cvtres.write.1.tlog
C:\Users\C0BRA\Dropbox\Projects\SGE\SGE\Debug\link.2620.read.1.tlog
C:\Users\C0BRA\Dropbox\Projects\SGE\SGE\Debug\link.2620.write.1.tlog
C:\Users\C0BRA\Dropbox\Projects\SGE\SGE\Debug\link.2620-cvtres.read.1.tlog
C:\Users\C0BRA\Dropbox\Projects\SGE\SGE\Debug\link.2620-cvtres.write.1.tlog
C:\Users\C0BRA\Dropbox\Projects\SGE\SGE\Debug\link.2724.read.1.tlog
C:\Users\C0BRA\Dropbox\Projects\SGE\SGE\Debug\link.2724.write.1.tlog
C:\Users\C0BRA\Dropbox\Projects\SGE\SGE\Debug\link.2724-cvtres.read.1.tlog
C:\Users\C0BRA\Dropbox\Projects\SGE\SGE\Debug\link.2724-cvtres.write.1.tlog
C:\Users\C0BRA\Dropbox\Projects\SGE\SGE\Debug\link.2744.read.1.tlog
C:\Users\C0BRA\Dropbox\Projects\SGE\SGE\Debug\link.2744.write.1.tlog
C:\Users\C0BRA\Dropbox\Projects\SGE\SGE\Debug\link.2744-cvtres.read.1.tlog
C:\Users\C0BRA\Dropbox\Projects\SGE\SGE\Debug\link.2744-cvtres.write.1.tlog
C:\Users\C0BRA\Dropbox\Projects\SGE\SGE\Debug\link.6032.read.1.tlog
C:\Users\C0BRA\Dropbox\Projects\SGE\SGE\Debug\link.6032.write.1.tlog
C:\Users\C0BRA\Dropbox\Projects\SGE\SGE\Debug\link.6032-cvtres.read.1.tlog
C:\Users\C0BRA\Dropbox\Projects\SGE\SGE\Debug\link.6032-cvtres.write.1.tlog
C:\Users\C0BRA\Dropbox\Projects\SGE\SGE\Debug\link.6072.read.1.tlog
C:\Users\C0BRA\Dropbox\Projects\SGE\SGE\Debug\link.6072.write.1.tlog
C:\Users\C0BRA\Dropbox\Projects\SGE\SGE\Debug\link.6072-cvtres.read.1.tlog
C:\Users\C0BRA\Dropbox\Projects\SGE\SGE\Debug\link.6072-cvtres.write.1.tlog
C:\Users\C0BRA\Dropbox\Projects\SGE\SGE\Debug\link.6276.read.1.tlog
C:\Users\C0BRA\Dropbox\Projects\SGE\SGE\Debug\link.6276.write.1.tlog
C:\Users\C0BRA\Dropbox\Projects\SGE\SGE\Debug\link.6276-cvtres.read.1.tlog
C:\Users\C0BRA\Dropbox\Projects\SGE\SGE\Debug\link.6276-cvtres.write.1.tlog
C:\Users\C0BRA\Dropbox\Projects\SGE\SGE\Debug\link.6580.read.1.tlog
C:\Users\C0BRA\Dropbox\Projects\SGE\SGE\Debug\link.6580.write.1.tlog
C:\Users\C0BRA\Dropbox\Projects\SGE\SGE\Debug\link.6580-cvtres.read.1.tlog
C:\Users\C0BRA\Dropbox\Projects\SGE\SGE\Debug\link.6580-cvtres.write.1.tlog
C:\Users\C0BRA\Dropbox\Projects\SGE\SGE\Debug\link.command.1.tlog
C:\Users\C0BRA\Dropbox\Projects\SGE\SGE\Debug\link.read.1.tlog
C:\Users\C0BRA\Dropbox\Projects\SGE\SGE\Debug\link.write.1.tlog
C:\Users\C0BRA\Dropbox\Projects\SGE\SGE\Debug\link-cvtres.read.1.tlog
C:\Users\C0BRA\Dropbox\Projects\SGE\SGE\Debug\link-cvtres.write.1.tlog
C:\USERS\C0BRA\DROPBOX\PROJECTS\SGE\SGE\DEBUG\MAIN.OBJ
C:\USERS\C0BRA\DROPBOX\PROJECTS\SGE\SGE\DEBUG\MODEL.OBJ
C:\Users\C0BRA\Dropbox\Projects\SGE\SGE\Debug\mt.command.1.tlog
C:\Users\C0BRA\Dropbox\Projects\SGE\SGE\Debug\mt.read.1.tlog
C:\Users\C0BRA\Dropbox\Projects\SGE\SGE\Debug\mt.write.1.tlog
C:\USERS\C0BRA\DROPBOX\PROJECTS\SGE\SGE\DEBUG\OPTIONS.OBJ
C:\Users\C0BRA\Dropbox\Projects\SGE\SGE\Debug\rc.command.1.tlog
C:\Users\C0BRA\Dropbox\Projects\SGE\SGE\Debug\rc.read.1.tlog
C:\Users\C0BRA\Dropbox\Projects\SGE\SGE\Debug\rc.write.1.tlog
C:\USERS\C0BRA\DROPBOX\PROJECTS\SGE\SGE\DEBUG\SGE.EXE.EMBED.MANIFEST
C:\USERS\C0BRA\DROPBOX\PROJECTS\SGE\SGE\DEBUG\SGE.EXE.EMBED.MANIFEST.RES
C:\USERS\C0BRA\DROPBOX\PROJECTS\SGE\SGE\DEBUG\SGE.EXE.INTERMEDIATE.MANIFEST
C:\Users\C0BRA\Dropbox\Projects\SGE\SGE\Debug\SGE_manifest.rc
C:\USERS\C0BRA\DROPBOX\PROJECTS\SGE\SGE\DEBUG\SHADER.OBJ
C:\Users\C0BRA\Dropbox\Projects\SGE\SGE\Debug\vc100.idb
C:\USERS\C0BRA\DROPBOX\PROJECTS\SGE\SGE\DEBUG\VC100.PDB
C:\USERS\C0BRA\DROPBOX\PROJECTS\SGE\SGE\DEBUG\VECTOR.OBJ
C:\USERS\C0BRA\DROPBOX\PROJECTS\SGE\SGE\DEBUG\WORLD.OBJ
